<?xml version="1.0" encoding="UTF-8"?>
<coverage generated="1662686382196" clover="3.2.0">
  <project timestamp="1662686382197" name="All files">
    <metrics statements="66" coveredstatements="59" conditionals="28" coveredconditionals="23" methods="13" coveredmethods="13" elements="107" coveredelements="95" complexity="0" loc="66" ncloc="66" packages="1" files="5" classes="5"/>
    <file name="analyzeArray.js" path="/home/miguek/repos/testingPractice/src/analyzeArray.js">
      <metrics statements="16" coveredstatements="16" conditionals="4" coveredconditionals="4" methods="4" coveredmethods="4"/>
      <line num="4" count="5" type="stmt"/>
      <line num="5" count="5" type="stmt"/>
      <line num="6" count="24" type="stmt"/>
      <line num="8" count="5" type="stmt"/>
      <line num="9" count="5" type="stmt"/>
      <line num="10" count="5" type="stmt"/>
      <line num="11" count="24" type="stmt"/>
      <line num="12" count="24" type="cond" truecount="2" falsecount="0"/>
      <line num="13" count="9" type="stmt"/>
      <line num="16" count="15" type="stmt"/>
      <line num="20" count="5" type="stmt"/>
      <line num="21" count="24" type="stmt"/>
      <line num="22" count="24" type="cond" truecount="2" falsecount="0"/>
      <line num="23" count="13" type="stmt"/>
      <line num="26" count="11" type="stmt"/>
      <line num="29" count="5" type="stmt"/>
    </file>
    <file name="calculate.js" path="/home/miguek/repos/testingPractice/src/calculate.js">
      <metrics statements="5" coveredstatements="5" conditionals="0" coveredconditionals="0" methods="4" coveredmethods="4"/>
      <line num="1" count="1" type="stmt"/>
      <line num="3" count="1" type="stmt"/>
      <line num="6" count="1" type="stmt"/>
      <line num="10" count="1" type="stmt"/>
      <line num="14" count="1" type="stmt"/>
    </file>
    <file name="ceaserCipher.js" path="/home/miguek/repos/testingPractice/src/ceaserCipher.js">
      <metrics statements="32" coveredstatements="26" conditionals="16" coveredconditionals="12" methods="3" coveredmethods="3"/>
      <line num="2" count="3" type="stmt"/>
      <line num="3" count="3" type="stmt"/>
      <line num="4" count="78" type="stmt"/>
      <line num="5" count="3" type="stmt"/>
      <line num="6" count="3" type="stmt"/>
      <line num="7" count="14" type="stmt"/>
      <line num="8" count="14" type="stmt"/>
      <line num="9" count="14" type="cond" truecount="4" falsecount="0"/>
      <line num="10" count="2" type="stmt"/>
      <line num="12" count="12" type="cond" truecount="2" falsecount="0"/>
      <line num="13" count="11" type="stmt"/>
      <line num="14" count="11" type="stmt"/>
      <line num="15" count="11" type="cond" truecount="4" falsecount="0"/>
      <line num="17" count="1" type="stmt"/>
      <line num="18" count="1" type="stmt"/>
      <line num="20" count="1" type="stmt"/>
      <line num="21" count="1" type="stmt"/>
      <line num="23" count="1" type="stmt"/>
      <line num="24" count="1" type="stmt"/>
      <line num="26" count="8" type="stmt"/>
      <line num="29" count="1" type="cond" truecount="1" falsecount="1"/>
      <line num="30" count="1" type="stmt"/>
      <line num="31" count="1" type="stmt"/>
      <line num="32" count="1" type="cond" truecount="1" falsecount="3"/>
      <line num="34" count="0" type="stmt"/>
      <line num="35" count="0" type="stmt"/>
      <line num="37" count="0" type="stmt"/>
      <line num="38" count="0" type="stmt"/>
      <line num="40" count="0" type="stmt"/>
      <line num="41" count="0" type="stmt"/>
      <line num="43" count="1" type="stmt"/>
      <line num="47" count="3" type="stmt"/>
    </file>
    <file name="index.js" path="/home/miguek/repos/testingPractice/src/index.js">
      <metrics statements="7" coveredstatements="6" conditionals="2" coveredconditionals="1" methods="1" coveredmethods="1"/>
      <line num="3" count="1" type="stmt"/>
      <line num="4" count="1" type="cond" truecount="1" falsecount="1"/>
      <line num="5" count="0" type="stmt"/>
      <line num="9" count="1" type="stmt"/>
      <line num="10" count="1" type="stmt"/>
      <line num="14" count="1" type="stmt"/>
      <line num="15" count="1" type="stmt"/>
    </file>
    <file name="reverse.js" path="/home/miguek/repos/testingPractice/src/reverse.js">
      <metrics statements="6" coveredstatements="6" conditionals="6" coveredconditionals="6" methods="1" coveredmethods="1"/>
      <line num="2" count="11" type="cond" truecount="2" falsecount="0"/>
      <line num="3" count="11" type="cond" truecount="2" falsecount="0"/>
      <line num="4" count="11" type="cond" truecount="2" falsecount="0"/>
      <line num="5" count="1" type="stmt"/>
      <line num="8" count="10" type="stmt"/>
      <line num="9" count="10" type="stmt"/>
    </file>
  </project>
</coverage>
