{"/home/miguek/repos/testingPractice/src/analyzeArray.js": {"path":"/home/miguek/repos/testingPractice/src/analyzeArray.js","statementMap":{"0":{"start":{"line":4,"column":16},"end":{"line":4,"column":37}},"1":{"start":{"line":5,"column":17},"end":{"line":7,"column":6}},"2":{"start":{"line":6,"column":8},"end":{"line":6,"column":40}},"3":{"start":{"line":8,"column":16},"end":{"line":8,"column":31}},"4":{"start":{"line":9,"column":21},"end":{"line":9,"column":22}},"5":{"start":{"line":10,"column":13},"end":{"line":18,"column":6}},"6":{"start":{"line":11,"column":8},"end":{"line":11,"column":20}},"7":{"start":{"line":12,"column":8},"end":{"line":17,"column":9}},"8":{"start":{"line":13,"column":12},"end":{"line":13,"column":26}},"9":{"start":{"line":16,"column":12},"end":{"line":16,"column":23}},"10":{"start":{"line":20,"column":14},"end":{"line":28,"column":6}},"11":{"start":{"line":21,"column":8},"end":{"line":21,"column":20}},"12":{"start":{"line":22,"column":8},"end":{"line":27,"column":9}},"13":{"start":{"line":23,"column":12},"end":{"line":23,"column":23}},"14":{"start":{"line":26,"column":12},"end":{"line":26,"column":26}},"15":{"start":{"line":29,"column":4},"end":{"line":34,"column":5}}},"fnMap":{"0":{"name":"analyzeArray","decl":{"start":{"line":3,"column":24},"end":{"line":3,"column":36}},"loc":{"start":{"line":3,"column":52},"end":{"line":35,"column":1}},"line":3},"1":{"name":"(anonymous_1)","decl":{"start":{"line":5,"column":39},"end":{"line":5,"column":40}},"loc":{"start":{"line":5,"column":65},"end":{"line":7,"column":5}},"line":5},"2":{"name":"(anonymous_2)","decl":{"start":{"line":10,"column":35},"end":{"line":10,"column":36}},"loc":{"start":{"line":10,"column":52},"end":{"line":18,"column":5}},"line":10},"3":{"name":"(anonymous_3)","decl":{"start":{"line":20,"column":36},"end":{"line":20,"column":37}},"loc":{"start":{"line":20,"column":53},"end":{"line":28,"column":5}},"line":20}},"branchMap":{"0":{"loc":{"start":{"line":12,"column":8},"end":{"line":17,"column":9}},"type":"if","locations":[{"start":{"line":12,"column":8},"end":{"line":17,"column":9}},{"start":{"line":15,"column":12},"end":{"line":17,"column":9}}],"line":12},"1":{"loc":{"start":{"line":22,"column":8},"end":{"line":27,"column":9}},"type":"if","locations":[{"start":{"line":22,"column":8},"end":{"line":27,"column":9}},{"start":{"line":25,"column":12},"end":{"line":27,"column":9}}],"line":22}},"s":{"0":5,"1":5,"2":24,"3":5,"4":5,"5":5,"6":24,"7":24,"8":9,"9":15,"10":5,"11":24,"12":24,"13":13,"14":11,"15":5},"f":{"0":5,"1":24,"2":24,"3":24},"b":{"0":[9,15],"1":[13,11]},"_coverageSchema":"1a1c01bbd47fc00a2c39e90264f33305004495a9","hash":"cc434ebd6926e5392b76bc8ff3bcd870fa189af3"}
,"/home/miguek/repos/testingPractice/src/calculate.js": {"path":"/home/miguek/repos/testingPractice/src/calculate.js","statementMap":{"0":{"start":{"line":1,"column":15},"end":{"line":16,"column":1}},"1":{"start":{"line":3,"column":8},"end":{"line":3,"column":18}},"2":{"start":{"line":6,"column":8},"end":{"line":6,"column":18}},"3":{"start":{"line":10,"column":8},"end":{"line":10,"column":18}},"4":{"start":{"line":14,"column":8},"end":{"line":14,"column":18}}},"fnMap":{"0":{"name":"(anonymous_0)","decl":{"start":{"line":2,"column":14},"end":{"line":2,"column":15}},"loc":{"start":{"line":2,"column":27},"end":{"line":4,"column":5}},"line":2},"1":{"name":"(anonymous_1)","decl":{"start":{"line":5,"column":11},"end":{"line":5,"column":12}},"loc":{"start":{"line":5,"column":18},"end":{"line":7,"column":5}},"line":5},"2":{"name":"(anonymous_2)","decl":{"start":{"line":9,"column":13},"end":{"line":9,"column":14}},"loc":{"start":{"line":9,"column":20},"end":{"line":11,"column":5}},"line":9},"3":{"name":"(anonymous_3)","decl":{"start":{"line":13,"column":8},"end":{"line":13,"column":9}},"loc":{"start":{"line":13,"column":15},"end":{"line":15,"column":5}},"line":13}},"branchMap":{},"s":{"0":1,"1":1,"2":1,"3":1,"4":1},"f":{"0":1,"1":1,"2":1,"3":1},"b":{},"_coverageSchema":"1a1c01bbd47fc00a2c39e90264f33305004495a9","hash":"9d9bb57ec6574b4c5b67adfd000ccc7e376e644e"}
,"/home/miguek/repos/testingPractice/src/ceaserCipher.js": {"path":"/home/miguek/repos/testingPractice/src/ceaserCipher.js","statementMap":{"0":{"start":{"line":2,"column":25},"end":{"line":2,"column":42}},"1":{"start":{"line":3,"column":21},"end":{"line":3,"column":126}},"2":{"start":{"line":4,"column":21},"end":{"line":4,"column":66}},"3":{"start":{"line":4,"column":45},"end":{"line":4,"column":65}},"4":{"start":{"line":5,"column":34},"end":{"line":5,"column":36}},"5":{"start":{"line":6,"column":4},"end":{"line":46,"column":6}},"6":{"start":{"line":7,"column":31},"end":{"line":7,"column":61}},"7":{"start":{"line":8,"column":31},"end":{"line":8,"column":61}},"8":{"start":{"line":9,"column":8},"end":{"line":45,"column":9}},"9":{"start":{"line":10,"column":12},"end":{"line":10,"column":53}},"10":{"start":{"line":12,"column":13},"end":{"line":45,"column":9}},"11":{"start":{"line":13,"column":22},"end":{"line":13,"column":51}},"12":{"start":{"line":14,"column":12},"end":{"line":14,"column":26}},"13":{"start":{"line":15,"column":12},"end":{"line":27,"column":13}},"14":{"start":{"line":17,"column":20},"end":{"line":17,"column":65}},"15":{"start":{"line":18,"column":20},"end":{"line":18,"column":26}},"16":{"start":{"line":20,"column":20},"end":{"line":20,"column":65}},"17":{"start":{"line":21,"column":20},"end":{"line":21,"column":26}},"18":{"start":{"line":23,"column":20},"end":{"line":23,"column":65}},"19":{"start":{"line":24,"column":20},"end":{"line":24,"column":26}},"20":{"start":{"line":26,"column":24},"end":{"line":26,"column":73}},"21":{"start":{"line":29,"column":14},"end":{"line":45,"column":9}},"22":{"start":{"line":30,"column":22},"end":{"line":30,"column":51}},"23":{"start":{"line":31,"column":12},"end":{"line":31,"column":26}},"24":{"start":{"line":32,"column":12},"end":{"line":44,"column":13}},"25":{"start":{"line":34,"column":20},"end":{"line":34,"column":65}},"26":{"start":{"line":35,"column":20},"end":{"line":35,"column":26}},"27":{"start":{"line":37,"column":20},"end":{"line":37,"column":65}},"28":{"start":{"line":38,"column":20},"end":{"line":38,"column":26}},"29":{"start":{"line":40,"column":20},"end":{"line":40,"column":65}},"30":{"start":{"line":41,"column":20},"end":{"line":41,"column":26}},"31":{"start":{"line":43,"column":20},"end":{"line":43,"column":69}},"32":{"start":{"line":47,"column":4},"end":{"line":47,"column":45}}},"fnMap":{"0":{"name":"ceaserCipher","decl":{"start":{"line":1,"column":24},"end":{"line":1,"column":36}},"loc":{"start":{"line":1,"column":45},"end":{"line":48,"column":1}},"line":1},"1":{"name":"(anonymous_1)","decl":{"start":{"line":4,"column":36},"end":{"line":4,"column":37}},"loc":{"start":{"line":4,"column":45},"end":{"line":4,"column":65}},"line":4},"2":{"name":"(anonymous_2)","decl":{"start":{"line":6,"column":29},"end":{"line":6,"column":30}},"loc":{"start":{"line":6,"column":40},"end":{"line":46,"column":5}},"line":6}},"branchMap":{"0":{"loc":{"start":{"line":9,"column":8},"end":{"line":45,"column":9}},"type":"if","locations":[{"start":{"line":9,"column":8},"end":{"line":45,"column":9}},{"start":{"line":12,"column":13},"end":{"line":45,"column":9}}],"line":9},"1":{"loc":{"start":{"line":9,"column":11},"end":{"line":9,"column":71}},"type":"binary-expr","locations":[{"start":{"line":9,"column":12},"end":{"line":9,"column":38}},{"start":{"line":9,"column":44},"end":{"line":9,"column":70}}],"line":9},"2":{"loc":{"start":{"line":12,"column":13},"end":{"line":45,"column":9}},"type":"if","locations":[{"start":{"line":12,"column":13},"end":{"line":45,"column":9}},{"start":{"line":29,"column":14},"end":{"line":45,"column":9}}],"line":12},"3":{"loc":{"start":{"line":15,"column":12},"end":{"line":27,"column":13}},"type":"switch","locations":[{"start":{"line":16,"column":16},"end":{"line":18,"column":26}},{"start":{"line":19,"column":16},"end":{"line":21,"column":26}},{"start":{"line":22,"column":16},"end":{"line":24,"column":26}},{"start":{"line":25,"column":20},"end":{"line":26,"column":73}}],"line":15},"4":{"loc":{"start":{"line":29,"column":14},"end":{"line":45,"column":9}},"type":"if","locations":[{"start":{"line":29,"column":14},"end":{"line":45,"column":9}},{"start":{},"end":{}}],"line":29},"5":{"loc":{"start":{"line":32,"column":12},"end":{"line":44,"column":13}},"type":"switch","locations":[{"start":{"line":33,"column":16},"end":{"line":35,"column":26}},{"start":{"line":36,"column":16},"end":{"line":38,"column":26}},{"start":{"line":39,"column":16},"end":{"line":41,"column":26}},{"start":{"line":42,"column":20},"end":{"line":43,"column":69}}],"line":32}},"s":{"0":3,"1":3,"2":3,"3":78,"4":3,"5":3,"6":14,"7":14,"8":14,"9":2,"10":12,"11":11,"12":11,"13":11,"14":1,"15":1,"16":1,"17":1,"18":1,"19":1,"20":8,"21":1,"22":1,"23":1,"24":1,"25":0,"26":0,"27":0,"28":0,"29":0,"30":0,"31":1,"32":3},"f":{"0":3,"1":78,"2":14},"b":{"0":[2,12],"1":[14,3],"2":[11,1],"3":[1,1,1,8],"4":[1,0],"5":[0,0,0,1]},"_coverageSchema":"1a1c01bbd47fc00a2c39e90264f33305004495a9","hash":"3646aa1ceaa590fa5e4cb185b132e7e960ce3b07"}
,"/home/miguek/repos/testingPractice/src/index.js": {"path":"/home/miguek/repos/testingPractice/src/index.js","statementMap":{"0":{"start":{"line":3,"column":20},"end":{"line":3,"column":27}},"1":{"start":{"line":4,"column":4},"end":{"line":11,"column":5}},"2":{"start":{"line":5,"column":8},"end":{"line":5,"column":19}},"3":{"start":{"line":9,"column":8},"end":{"line":9,"column":45}},"4":{"start":{"line":10,"column":8},"end":{"line":10,"column":42}},"5":{"start":{"line":14,"column":7},"end":{"line":14,"column":28}},"6":{"start":{"line":15,"column":0},"end":{"line":15,"column":14}}},"fnMap":{"0":{"name":"capitalize","decl":{"start":{"line":2,"column":24},"end":{"line":2,"column":34}},"loc":{"start":{"line":2,"column":40},"end":{"line":12,"column":1}},"line":2}},"branchMap":{"0":{"loc":{"start":{"line":4,"column":4},"end":{"line":11,"column":5}},"type":"if","locations":[{"start":{"line":4,"column":4},"end":{"line":11,"column":5}},{"start":{"line":8,"column":8},"end":{"line":11,"column":5}}],"line":4}},"s":{"0":1,"1":1,"2":0,"3":1,"4":1,"5":1,"6":1},"f":{"0":1},"b":{"0":[0,1]},"_coverageSchema":"1a1c01bbd47fc00a2c39e90264f33305004495a9","hash":"474bb64e2e9aab96dc1a06337465b917763d395d"}
,"/home/miguek/repos/testingPractice/src/reverse.js": {"path":"/home/miguek/repos/testingPractice/src/reverse.js","statementMap":{"0":{"start":{"line":2,"column":2},"end":{"line":2,"column":48}},"1":{"start":{"line":3,"column":2},"end":{"line":3,"column":31}},"2":{"start":{"line":4,"column":2},"end":{"line":10,"column":3}},"3":{"start":{"line":5,"column":6},"end":{"line":5,"column":34}},"4":{"start":{"line":8,"column":6},"end":{"line":8,"column":44}},"5":{"start":{"line":9,"column":6},"end":{"line":9,"column":55}}},"fnMap":{"0":{"name":"reverse","decl":{"start":{"line":1,"column":24},"end":{"line":1,"column":31}},"loc":{"start":{"line":1,"column":68},"end":{"line":11,"column":1}},"line":1}},"branchMap":{"0":{"loc":{"start":{"line":2,"column":16},"end":{"line":2,"column":48}},"type":"binary-expr","locations":[{"start":{"line":2,"column":16},"end":{"line":2,"column":29}},{"start":{"line":2,"column":32},"end":{"line":2,"column":48}}],"line":2},"1":{"loc":{"start":{"line":3,"column":15},"end":{"line":3,"column":31}},"type":"binary-expr","locations":[{"start":{"line":3,"column":15},"end":{"line":3,"column":27}},{"start":{"line":3,"column":29},"end":{"line":3,"column":31}}],"line":3},"2":{"loc":{"start":{"line":4,"column":2},"end":{"line":10,"column":3}},"type":"if","locations":[{"start":{"line":4,"column":2},"end":{"line":10,"column":3}},{"start":{"line":7,"column":6},"end":{"line":10,"column":3}}],"line":4}},"s":{"0":11,"1":11,"2":11,"3":1,"4":10,"5":10},"f":{"0":11},"b":{"0":[11,1],"1":[11,1],"2":[1,10]},"_coverageSchema":"1a1c01bbd47fc00a2c39e90264f33305004495a9","hash":"594d41f822bb364071e7f958109a43e3f6763b8b"}
}
