TN:
SF:src/analyzeArray.js
FN:3,analyzeArray
FN:5,(anonymous_1)
FN:10,(anonymous_2)
FN:20,(anonymous_3)
FNF:4
FNH:4
FNDA:5,analyzeArray
FNDA:24,(anonymous_1)
FNDA:24,(anonymous_2)
FNDA:24,(anonymous_3)
DA:4,5
DA:5,5
DA:6,24
DA:8,5
DA:9,5
DA:10,5
DA:11,24
DA:12,24
DA:13,9
DA:16,15
DA:20,5
DA:21,24
DA:22,24
DA:23,13
DA:26,11
DA:29,5
LF:16
LH:16
BRDA:12,0,0,9
BRDA:12,0,1,15
BRDA:22,1,0,13
BRDA:22,1,1,11
BRF:4
BRH:4
end_of_record
TN:
SF:src/calculate.js
FN:2,(anonymous_0)
FN:5,(anonymous_1)
FN:9,(anonymous_2)
FN:13,(anonymous_3)
FNF:4
FNH:4
FNDA:1,(anonymous_0)
FNDA:1,(anonymous_1)
FNDA:1,(anonymous_2)
FNDA:1,(anonymous_3)
DA:1,1
DA:3,1
DA:6,1
DA:10,1
DA:14,1
LF:5
LH:5
BRF:0
BRH:0
end_of_record
TN:
SF:src/ceaserCipher.js
FN:1,ceaserCipher
FN:4,(anonymous_1)
FN:6,(anonymous_2)
FNF:3
FNH:3
FNDA:3,ceaserCipher
FNDA:78,(anonymous_1)
FNDA:14,(anonymous_2)
DA:2,3
DA:3,3
DA:4,78
DA:5,3
DA:6,3
DA:7,14
DA:8,14
DA:9,14
DA:10,2
DA:12,12
DA:13,11
DA:14,11
DA:15,11
DA:17,1
DA:18,1
DA:20,1
DA:21,1
DA:23,1
DA:24,1
DA:26,8
DA:29,1
DA:30,1
DA:31,1
DA:32,1
DA:34,0
DA:35,0
DA:37,0
DA:38,0
DA:40,0
DA:41,0
DA:43,1
DA:47,3
LF:32
LH:26
BRDA:9,0,0,2
BRDA:9,0,1,12
BRDA:9,1,0,14
BRDA:9,1,1,3
BRDA:12,2,0,11
BRDA:12,2,1,1
BRDA:15,3,0,1
BRDA:15,3,1,1
BRDA:15,3,2,1
BRDA:15,3,3,8
BRDA:29,4,0,1
BRDA:29,4,1,0
BRDA:32,5,0,0
BRDA:32,5,1,0
BRDA:32,5,2,0
BRDA:32,5,3,1
BRF:16
BRH:12
end_of_record
TN:
SF:src/index.js
FN:2,capitalize
FNF:1
FNH:1
FNDA:1,capitalize
DA:3,1
DA:4,1
DA:5,0
DA:9,1
DA:10,1
DA:14,1
DA:15,1
LF:7
LH:6
BRDA:4,0,0,0
BRDA:4,0,1,1
BRF:2
BRH:1
end_of_record
TN:
SF:src/reverse.js
FN:1,reverse
FNF:1
FNH:1
FNDA:11,reverse
DA:2,11
DA:3,11
DA:4,11
DA:5,1
DA:8,10
DA:9,10
LF:6
LH:6
BRDA:2,0,0,11
BRDA:2,0,1,1
BRDA:3,1,0,11
BRDA:3,1,1,1
BRDA:4,2,0,1
BRDA:4,2,1,10
BRF:6
BRH:6
end_of_record
